# JRE version: OpenJDK Runtime Environment Temurin-17.0.12+7 (17.0.12+7) (build 17.0.12+7)
# Java VM: OpenJDK 64-Bit Server VM Temurin-17.0.12+7 (17.0.12+7, mixed mode, sharing, tiered, compressed oops, compressed class ptrs, parallel gc, windows-amd64)
GC Precious Log:
 CPUs: 8 total, 8 available
 Memory: 8083M
 Large Page Support: Disabled
 NUMA Support: Disabled
 Compressed Oops: Enabled (32-bit)
 Alignments: Space 512K, Generation 512K, Heap 2M
 Heap Min Capacity: 100M
 Heap Initial Capacity: 100M
 Heap Max Capacity: 1G
 Pre-touch: Disabled
 Parallel Workers: 8
Heap:
 PSYoungGen      total 24064K, used 11822K [0x00000000eab00000, 0x00000000ec900000, 0x0000000100000000)
  eden space 21504K, 43% used [0x00000000eab00000,0x00000000eb4258d8,0x00000000ec000000)
  from space 2560K, 95% used [0x00000000ec680000,0x00000000ec8e5fc0,0x00000000ec900000)
  to   space 4096K, 0% used [0x00000000ec100000,0x00000000ec100000,0x00000000ec500000)
 ParOldGen       total 68608K, used 57050K [0x00000000c0000000, 0x00000000c4300000, 0x00000000eab00000)
  object space 68608K, 83% used [0x00000000c0000000,0x00000000c37b6b20,0x00000000c4300000)
 Metaspace       used 72479K, committed 73664K, reserved 1114112K
  class space    used 8823K, committed 9344K, reserved 1048576K
GC Heap History (20 events):
Event: 67.232 GC heap before
{Heap before GC invocations=42 (full 3):
 PSYoungGen      total 22016K, used 22007K [0x00000000eab00000, 0x00000000ec800000, 0x0000000100000000)
  eden space 21504K, 100% used [0x00000000eab00000,0x00000000ec000000,0x00000000ec000000)
  from space 512K, 98% used [0x00000000ec780000,0x00000000ec7fdc10,0x00000000ec800000)
  to   space 1536K, 0% used [0x00000000ec500000,0x00000000ec500000,0x00000000ec680000)
 ParOldGen       total 68608K, used 42141K [0x00000000c0000000, 0x00000000c4300000, 0x00000000eab00000)
  object space 68608K, 61% used [0x00000000c0000000,0x00000000c29275f0,0x00000000c4300000)
 Metaspace       used 65911K, committed 66944K, reserved 1114112K
  class space    used 8137K, committed 8576K, reserved 1048576K
}
Event: 67.234 GC heap after
{Heap after GC invocations=42 (full 3):
 PSYoungGen      total 23040K, used 448K [0x00000000eab00000, 0x00000000ec800000, 0x0000000100000000)
  eden space 21504K, 0% used [0x00000000eab00000,0x00000000eab00000,0x00000000ec000000)
  from space 1536K, 29% used [0x00000000ec500000,0x00000000ec570010,0x00000000ec680000)
  to   space 1024K, 0% used [0x00000000ec700000,0x00000000ec700000,0x00000000ec800000)
 ParOldGen       total 68608K, used 42181K [0x00000000c0000000, 0x00000000c4300000, 0x00000000eab00000)
  object space 68608K, 61% used [0x00000000c0000000,0x00000000c29315f0,0x00000000c4300000)
 Metaspace       used 65911K, committed 66944K, reserved 1114112K
  class space    used 8137K, committed 8576K, reserved 1048576K
}
Event: 90.230 GC heap before
{Heap before GC invocations=43 (full 3):
 PSYoungGen      total 23040K, used 21951K [0x00000000eab00000, 0x00000000ec800000, 0x0000000100000000)
  eden space 21504K, 99% used [0x00000000eab00000,0x00000000ebfffe48,0x00000000ec000000)
  from space 1536K, 29% used [0x00000000ec500000,0x00000000ec570010,0x00000000ec680000)
  to   space 1024K, 0% used [0x00000000ec700000,0x00000000ec700000,0x00000000ec800000)
 ParOldGen       total 68608K, used 42181K [0x00000000c0000000, 0x00000000c4300000, 0x00000000eab00000)
  object space 68608K, 61% used [0x00000000c0000000,0x00000000c29315f0,0x00000000c4300000)
 Metaspace       used 66625K, committed 67712K, reserved 1114112K
  class space    used 8198K, committed 8640K, reserved 1048576K
}
Event: 90.234 GC heap after
{Heap after GC invocations=43 (full 3):
 PSYoungGen      total 22016K, used 384K [0x00000000eab00000, 0x00000000ec780000, 0x0000000100000000)
  eden space 21504K, 0% used [0x00000000eab00000,0x00000000eab00000,0x00000000ec000000)
  from space 512K, 75% used [0x00000000ec700000,0x00000000ec760000,0x00000000ec780000)
  to   space 512K, 0% used [0x00000000ec680000,0x00000000ec680000,0x00000000ec700000)
 ParOldGen       total 68608K, used 42541K [0x00000000c0000000, 0x00000000c4300000, 0x00000000eab00000)
  object space 68608K, 62% used [0x00000000c0000000,0x00000000c298b620,0x00000000c4300000)
 Metaspace       used 66625K, committed 67712K, reserved 1114112K
  class space    used 8198K, committed 8640K, reserved 1048576K
}
Event: 94.450 GC heap before
{Heap before GC invocations=44 (full 3):
 PSYoungGen      total 22016K, used 21888K [0x00000000eab00000, 0x00000000ec780000, 0x0000000100000000)
  eden space 21504K, 100% used [0x00000000eab00000,0x00000000ec000000,0x00000000ec000000)
  from space 512K, 75% used [0x00000000ec700000,0x00000000ec760000,0x00000000ec780000)
  to   space 512K, 0% used [0x00000000ec680000,0x00000000ec680000,0x00000000ec700000)
 ParOldGen       total 68608K, used 42541K [0x00000000c0000000, 0x00000000c4300000, 0x00000000eab00000)
  object space 68608K, 62% used [0x00000000c0000000,0x00000000c298b620,0x00000000c4300000)
 Metaspace       used 67311K, committed 68544K, reserved 1114112K
  class space    used 8301K, committed 8832K, reserved 1048576K
}
Event: 94.453 GC heap after
{Heap after GC invocations=44 (full 3):
 PSYoungGen      total 22016K, used 512K [0x00000000eab00000, 0x00000000ec780000, 0x0000000100000000)
  eden space 21504K, 0% used [0x00000000eab00000,0x00000000eab00000,0x00000000ec000000)
  from space 512K, 100% used [0x00000000ec680000,0x00000000ec700000,0x00000000ec700000)
  to   space 512K, 0% used [0x00000000ec700000,0x00000000ec700000,0x00000000ec780000)
 ParOldGen       total 68608K, used 43513K [0x00000000c0000000, 0x00000000c4300000, 0x00000000eab00000)
  object space 68608K, 63% used [0x00000000c0000000,0x00000000c2a7e570,0x00000000c4300000)
 Metaspace       used 67311K, committed 68544K, reserved 1114112K
  class space    used 8301K, committed 8832K, reserved 1048576K
}
Event: 96.175 GC heap before
{Heap before GC invocations=45 (full 3):
 PSYoungGen      total 22016K, used 21341K [0x00000000eab00000, 0x00000000ec780000, 0x0000000100000000)
  eden space 21504K, 96% used [0x00000000eab00000,0x00000000ebf57640,0x00000000ec000000)
  from space 512K, 100% used [0x00000000ec680000,0x00000000ec700000,0x00000000ec700000)
  to   space 512K, 0% used [0x00000000ec700000,0x00000000ec700000,0x00000000ec780000)
 ParOldGen       total 68608K, used 43513K [0x00000000c0000000, 0x00000000c4300000, 0x00000000eab00000)
  object space 68608K, 63% used [0x00000000c0000000,0x00000000c2a7e570,0x00000000c4300000)
 Metaspace       used 68633K, committed 69824K, reserved 1114112K
  class space    used 8476K, committed 8960K, reserved 1048576K
}
Event: 96.184 GC heap after
{Heap after GC invocations=45 (full 3):
 PSYoungGen      total 22016K, used 496K [0x00000000eab00000, 0x00000000ec780000, 0x0000000100000000)
  eden space 21504K, 0% used [0x00000000eab00000,0x00000000eab00000,0x00000000ec000000)
  from space 512K, 96% used [0x00000000ec700000,0x00000000ec77c010,0x00000000ec780000)
  to   space 1536K, 0% used [0x00000000ec480000,0x00000000ec480000,0x00000000ec600000)
 ParOldGen       total 68608K, used 44401K [0x00000000c0000000, 0x00000000c4300000, 0x00000000eab00000)
  object space 68608K, 64% used [0x00000000c0000000,0x00000000c2b5c590,0x00000000c4300000)
 Metaspace       used 68633K, committed 69824K, reserved 1114112K
  class space    used 8476K, committed 8960K, reserved 1048576K
}
Event: 98.482 GC heap before
{Heap before GC invocations=46 (full 3):
 PSYoungGen      total 22016K, used 21980K [0x00000000eab00000, 0x00000000ec780000, 0x0000000100000000)
  eden space 21504K, 99% used [0x00000000eab00000,0x00000000ebffb208,0x00000000ec000000)
  from space 512K, 96% used [0x00000000ec700000,0x00000000ec77c010,0x00000000ec780000)
  to   space 1536K, 0% used [0x00000000ec480000,0x00000000ec480000,0x00000000ec600000)
 ParOldGen       total 68608K, used 44401K [0x00000000c0000000, 0x00000000c4300000, 0x00000000eab00000)
  object space 68608K, 64% used [0x00000000c0000000,0x00000000c2b5c590,0x00000000c4300000)
 Metaspace       used 69708K, committed 70912K, reserved 1114112K
  class space    used 8565K, committed 9088K, reserved 1048576K
}
Event: 98.487 GC heap after
{Heap after GC invocations=46 (full 3):
 PSYoungGen      total 23040K, used 1104K [0x00000000eab00000, 0x00000000ec780000, 0x0000000100000000)
  eden space 21504K, 0% used [0x00000000eab00000,0x00000000eab00000,0x00000000ec000000)
  from space 1536K, 71% used [0x00000000ec480000,0x00000000ec594040,0x00000000ec600000)
  to   space 1536K, 0% used [0x00000000ec600000,0x00000000ec600000,0x00000000ec780000)
 ParOldGen       total 68608K, used 45704K [0x00000000c0000000, 0x00000000c4300000, 0x00000000eab00000)
  object space 68608K, 66% used [0x00000000c0000000,0x00000000c2ca2310,0x00000000c4300000)
 Metaspace       used 69708K, committed 70912K, reserved 1114112K
  class space    used 8565K, committed 9088K, reserved 1048576K
}
Event: 99.717 GC heap before
{Heap before GC invocations=47 (full 3):
 PSYoungGen      total 23040K, used 22608K [0x00000000eab00000, 0x00000000ec780000, 0x0000000100000000)
  eden space 21504K, 100% used [0x00000000eab00000,0x00000000ec000000,0x00000000ec000000)
  from space 1536K, 71% used [0x00000000ec480000,0x00000000ec594040,0x00000000ec600000)
  to   space 1536K, 0% used [0x00000000ec600000,0x00000000ec600000,0x00000000ec780000)
 ParOldGen       total 68608K, used 45704K [0x00000000c0000000, 0x00000000c4300000, 0x00000000eab00000)
  object space 68608K, 66% used [0x00000000c0000000,0x00000000c2ca2310,0x00000000c4300000)
 Metaspace       used 70537K, committed 71808K, reserved 1114112K
  class space    used 8633K, committed 9152K, reserved 1048576K
}
Event: 99.720 GC heap after
{Heap after GC invocations=47 (full 3):
 PSYoungGen      total 23040K, used 1526K [0x00000000eab00000, 0x00000000ec780000, 0x0000000100000000)
  eden space 21504K, 0% used [0x00000000eab00000,0x00000000eab00000,0x00000000ec000000)
  from space 1536K, 99% used [0x00000000ec600000,0x00000000ec77d808,0x00000000ec780000)
  to   space 3584K, 0% used [0x00000000ec080000,0x00000000ec080000,0x00000000ec400000)
 ParOldGen       total 68608K, used 47398K [0x00000000c0000000, 0x00000000c4300000, 0x00000000eab00000)
  object space 68608K, 69% used [0x00000000c0000000,0x00000000c2e49850,0x00000000c4300000)
 Metaspace       used 70537K, committed 71808K, reserved 1114112K
  class space    used 8633K, committed 9152K, reserved 1048576K
}
Event: 100.207 GC heap before
{Heap before GC invocations=48 (full 3):
 PSYoungGen      total 23040K, used 23030K [0x00000000eab00000, 0x00000000ec780000, 0x0000000100000000)
  eden space 21504K, 100% used [0x00000000eab00000,0x00000000ec000000,0x00000000ec000000)
  from space 1536K, 99% used [0x00000000ec600000,0x00000000ec77d808,0x00000000ec780000)
  to   space 3584K, 0% used [0x00000000ec080000,0x00000000ec080000,0x00000000ec400000)
 ParOldGen       total 68608K, used 47398K [0x00000000c0000000, 0x00000000c4300000, 0x00000000eab00000)
  object space 68608K, 69% used [0x00000000c0000000,0x00000000c2e49850,0x00000000c4300000)
 Metaspace       used 71039K, committed 72256K, reserved 1114112K
  class space    used 8697K, committed 9216K, reserved 1048576K
}
Event: 100.213 GC heap after
{Heap after GC invocations=48 (full 3):
 PSYoungGen      total 24576K, used 2747K [0x00000000eab00000, 0x00000000ec680000, 0x0000000100000000)
  eden space 21504K, 0% used [0x00000000eab00000,0x00000000eab00000,0x00000000ec000000)
  from space 3072K, 89% used [0x00000000ec080000,0x00000000ec32eee0,0x00000000ec380000)
  to   space 3072K, 0% used [0x00000000ec380000,0x00000000ec380000,0x00000000ec680000)
 ParOldGen       total 68608K, used 48872K [0x00000000c0000000, 0x00000000c4300000, 0x00000000eab00000)
  object space 68608K, 71% used [0x00000000c0000000,0x00000000c2fba1f8,0x00000000c4300000)
 Metaspace       used 71039K, committed 72256K, reserved 1114112K
  class space    used 8697K, committed 9216K, reserved 1048576K
}
Event: 100.648 GC heap before
{Heap before GC invocations=49 (full 3):
 PSYoungGen      total 24576K, used 24251K [0x00000000eab00000, 0x00000000ec680000, 0x0000000100000000)
  eden space 21504K, 100% used [0x00000000eab00000,0x00000000ec000000,0x00000000ec000000)
  from space 3072K, 89% used [0x00000000ec080000,0x00000000ec32eee0,0x00000000ec380000)
  to   space 3072K, 0% used [0x00000000ec380000,0x00000000ec380000,0x00000000ec680000)
 ParOldGen       total 68608K, used 48872K [0x00000000c0000000, 0x00000000c4300000, 0x00000000eab00000)
  object space 68608K, 71% used [0x00000000c0000000,0x00000000c2fba1f8,0x00000000c4300000)
 Metaspace       used 71086K, committed 72256K, reserved 1114112K
  class space    used 8701K, committed 9216K, reserved 1048576K
}
Event: 100.652 GC heap after
{Heap after GC invocations=49 (full 3):
 PSYoungGen      total 24064K, used 2471K [0x00000000eab00000, 0x00000000ec600000, 0x0000000100000000)
  eden space 21504K, 0% used [0x00000000eab00000,0x00000000eab00000,0x00000000ec000000)
  from space 2560K, 96% used [0x00000000ec380000,0x00000000ec5e9dd8,0x00000000ec600000)
  to   space 3072K, 0% used [0x00000000ec000000,0x00000000ec000000,0x00000000ec300000)
 ParOldGen       total 68608K, used 51419K [0x00000000c0000000, 0x00000000c4300000, 0x00000000eab00000)
  object space 68608K, 74% used [0x00000000c0000000,0x00000000c3236e78,0x00000000c4300000)
 Metaspace       used 71086K, committed 72256K, reserved 1114112K
  class space    used 8701K, committed 9216K, reserved 1048576K
}
Event: 101.065 GC heap before
{Heap before GC invocations=50 (full 3):
 PSYoungGen      total 24064K, used 23975K [0x00000000eab00000, 0x00000000ec600000, 0x0000000100000000)
  eden space 21504K, 100% used [0x00000000eab00000,0x00000000ec000000,0x00000000ec000000)
  from space 2560K, 96% used [0x00000000ec380000,0x00000000ec5e9dd8,0x00000000ec600000)
  to   space 3072K, 0% used [0x00000000ec000000,0x00000000ec000000,0x00000000ec300000)
 ParOldGen       total 68608K, used 51419K [0x00000000c0000000, 0x00000000c4300000, 0x00000000eab00000)
  object space 68608K, 74% used [0x00000000c0000000,0x00000000c3236e78,0x00000000c4300000)
 Metaspace       used 71499K, committed 72768K, reserved 1114112K
  class space    used 8748K, committed 9280K, reserved 1048576K
}
Event: 101.069 GC heap after
{Heap after GC invocations=50 (full 3):
 PSYoungGen      total 24576K, used 3054K [0x00000000eab00000, 0x00000000ecd00000, 0x0000000100000000)
  eden space 21504K, 0% used [0x00000000eab00000,0x00000000eab00000,0x00000000ec000000)
  from space 3072K, 99% used [0x00000000ec000000,0x00000000ec2fb960,0x00000000ec300000)
  to   space 6656K, 0% used [0x00000000ec680000,0x00000000ec680000,0x00000000ecd00000)
 ParOldGen       total 68608K, used 54049K [0x00000000c0000000, 0x00000000c4300000, 0x00000000eab00000)
  object space 68608K, 78% used [0x00000000c0000000,0x00000000c34c8660,0x00000000c4300000)
 Metaspace       used 71499K, committed 72768K, reserved 1114112K
  class space    used 8748K, committed 9280K, reserved 1048576K
}
Event: 101.978 GC heap before
{Heap before GC invocations=51 (full 3):
 PSYoungGen      total 24576K, used 24558K [0x00000000eab00000, 0x00000000ecd00000, 0x0000000100000000)
  eden space 21504K, 100% used [0x00000000eab00000,0x00000000ec000000,0x00000000ec000000)
  from space 3072K, 99% used [0x00000000ec000000,0x00000000ec2fb960,0x00000000ec300000)
  to   space 6656K, 0% used [0x00000000ec680000,0x00000000ec680000,0x00000000ecd00000)
 ParOldGen       total 68608K, used 54049K [0x00000000c0000000, 0x00000000c4300000, 0x00000000eab00000)
  object space 68608K, 78% used [0x00000000c0000000,0x00000000c34c8660,0x00000000c4300000)
 Metaspace       used 71881K, committed 73152K, reserved 1114112K
  class space    used 8783K, committed 9344K, reserved 1048576K
}
Event: 101.984 GC heap after
{Heap after GC invocations=51 (full 3):
 PSYoungGen      total 24064K, used 2455K [0x00000000eab00000, 0x00000000ec900000, 0x0000000100000000)
  eden space 21504K, 0% used [0x00000000eab00000,0x00000000eab00000,0x00000000ec000000)
  from space 2560K, 95% used [0x00000000ec680000,0x00000000ec8e5fc0,0x00000000ec900000)
  to   space 4096K, 0% used [0x00000000ec100000,0x00000000ec100000,0x00000000ec500000)
 ParOldGen       total 68608K, used 57050K [0x00000000c0000000, 0x00000000c4300000, 0x00000000eab00000)
  object space 68608K, 83% used [0x00000000c0000000,0x00000000c37b6b20,0x00000000c4300000)
 Metaspace       used 71881K, committed 73152K, reserved 1114112K
  class space    used 8783K, committed 9344K, reserved 1048576K
}

